-------------------------------------------------------------------------------
Test set: functional.FunctionalTests
-------------------------------------------------------------------------------
Tests run: 10, Failures: 0, Errors: 6, Skipped: 4, Time elapsed: 9.314 s <<< FAILURE! - in functional.FunctionalTests
Given the application has been initialised with test data  Time elapsed: 0.019 s  <<< ERROR!
java.lang.ExceptionInInitializerError
Caused by: java.lang.reflect.InaccessibleObjectException: Unable to make field private final java.util.Comparator java.util.TreeMap.comparator accessible: module java.base does not "opens java.util" to unnamed module @587d1d39

Scenario: Should be able to get a list of all stocks  Time elapsed: 0.019 s  <<< ERROR!
java.lang.ExceptionInInitializerError
Caused by: java.lang.reflect.InaccessibleObjectException: Unable to make field private final java.util.Comparator java.util.TreeMap.comparator accessible: module java.base does not "opens java.util" to unnamed module @587d1d39

Scenario: Should be able to get a list of all stocks  Time elapsed: 0.019 s  <<< ERROR!
java.lang.ExceptionInInitializerError
Caused by: java.lang.reflect.InaccessibleObjectException: Unable to make field private final java.util.Comparator java.util.TreeMap.comparator accessible: module java.base does not "opens java.util" to unnamed module @587d1d39

Given the application has been initialised with test data  Time elapsed: 0 s  <<< ERROR!
java.lang.NoClassDefFoundError: Could not initialize class cucumber.deps.com.thoughtworks.xstream.converters.collections.TreeMapConverter
Caused by: java.lang.ExceptionInInitializerError: Exception java.lang.reflect.InaccessibleObjectException: Unable to make field private final java.util.Comparator java.util.TreeMap.comparator accessible: module java.base does not "opens java.util" to unnamed module @587d1d39 [in thread "main"]

Scenario: Should be able to get the correct SKU for the first stock  Time elapsed: 0 s  <<< ERROR!
java.lang.NoClassDefFoundError: Could not initialize class cucumber.deps.com.thoughtworks.xstream.converters.collections.TreeMapConverter
Caused by: java.lang.ExceptionInInitializerError: Exception java.lang.reflect.InaccessibleObjectException: Unable to make field private final java.util.Comparator java.util.TreeMap.comparator accessible: module java.base does not "opens java.util" to unnamed module @587d1d39 [in thread "main"]

Scenario: Should be able to get the correct SKU for the first stock  Time elapsed: 0.016 s  <<< ERROR!
java.lang.NoClassDefFoundError: Could not initialize class cucumber.deps.com.thoughtworks.xstream.converters.collections.TreeMapConverter
Caused by: java.lang.ExceptionInInitializerError: Exception java.lang.reflect.InaccessibleObjectException: Unable to make field private final java.util.Comparator java.util.TreeMap.comparator accessible: module java.base does not "opens java.util" to unnamed module @587d1d39 [in thread "main"]

