<?xml version="1.0" encoding="UTF-8"?>
<testsuite xmlns:xsi="http://www.w3.org/2001/XMLSchema-instance" xsi:noNamespaceSchemaLocation="https://maven.apache.org/surefire/maven-surefire-plugin/xsd/surefire-test-report.xsd" name="functional.FunctionalTests" time="9.314" tests="10" errors="6" skipped="4" failures="0">
  <properties>
[...]
</properties>
  <testcase name="Given the application has been initialised with test data" classname="functional.FunctionalTests" time="0.019">
    <error type="java.lang.ExceptionInInitializerError">java.lang.ExceptionInInitializerError
Caused by: java.lang.reflect.InaccessibleObjectException: Unable to make field private final java.util.Comparator java.util.TreeMap.comparator accessible: module java.base does not "opens java.util" to unnamed module @587d1d39
</error>
    <system-out><![CDATA[16:33:08.023 [main] DEBUG org.springframework.test.context.junit4.SpringJUnit4ClassRunner - SpringJUnit4ClassRunner constructor called with [class uk.co.danielbryant.djshopping.stockmanager.ShopfrontApplicationTests]
16:33:08.023 [main] DEBUG org.springframework.test.context.BootstrapUtils - Instantiating CacheAwareContextLoaderDelegate from class [org.springframework.test.context.cache.DefaultCacheAwareContextLoaderDelegate]
16:33:08.039 [main] DEBUG org.springframework.test.context.BootstrapUtils - Instantiating BootstrapContext using constructor [public org.springframework.test.context.support.DefaultBootstrapContext(java.lang.Class,org.springframework.test.context.CacheAwareContextLoaderDelegate)]
16:33:08.108 [main] DEBUG org.springframework.test.context.BootstrapUtils - Instantiating TestContextBootstrapper for test class [uk.co.danielbryant.djshopping.stockmanager.ShopfrontApplicationTests] from class [org.springframework.boot.test.context.SpringBootTestContextBootstrapper]
16:33:08.123 [main] INFO org.springframework.boot.test.context.SpringBootTestContextBootstrapper - Neither @ContextConfiguration nor @ContextHierarchy found for test class [uk.co.danielbryant.djshopping.stockmanager.ShopfrontApplicationTests], using SpringBootContextLoader
16:33:08.139 [main] DEBUG org.springframework.test.context.support.AbstractContextLoader - Did not detect default resource location for test class [uk.co.danielbryant.djshopping.stockmanager.ShopfrontApplicationTests]: class path resource [uk/co/danielbryant/djshopping/stockmanager/ShopfrontApplicationTests-context.xml] does not exist
16:33:08.139 [main] DEBUG org.springframework.test.context.support.AbstractContextLoader - Did not detect default resource location for test class [uk.co.danielbryant.djshopping.stockmanager.ShopfrontApplicationTests]: class path resource [uk/co/danielbryant/djshopping/stockmanager/ShopfrontApplicationTestsContext.groovy] does not exist
16:33:08.139 [main] INFO org.springframework.test.context.support.AbstractContextLoader - Could not detect default resource locations for test class [uk.co.danielbryant.djshopping.stockmanager.ShopfrontApplicationTests]: no resource found for suffixes {-context.xml, Context.groovy}.
16:33:08.208 [main] DEBUG org.springframework.test.context.support.ActiveProfilesUtils - Could not find an 'annotation declaring class' for annotation type [org.springframework.test.context.ActiveProfiles] and class [uk.co.danielbryant.djshopping.stockmanager.ShopfrontApplicationTests]
16:33:08.440 [main] DEBUG org.springframework.boot.test.context.SpringBootTestContextBootstrapper - @TestExecutionListeners is not present for class [uk.co.danielbryant.djshopping.stockmanager.ShopfrontApplicationTests]: using defaults.
16:33:08.455 [main] INFO org.springframework.boot.test.context.SpringBootTestContextBootstrapper - Loaded default TestExecutionListener class names from location [META-INF/spring.factories]: [org.springframework.boot.test.mock.mockito.MockitoTestExecutionListener, org.springframework.boot.test.mock.mockito.ResetMocksTestExecutionListener, org.springframework.boot.test.autoconfigure.restdocs.RestDocsTestExecutionListener, org.springframework.boot.test.autoconfigure.web.client.MockRestServiceServerResetTestExecutionListener, org.springframework.boot.test.autoconfigure.web.servlet.MockMvcPrintOnlyOnFailureTestExecutionListener, org.springframework.boot.test.autoconfigure.web.servlet.WebDriverTestExecutionListener, org.springframework.boot.test.autoconfigure.webservices.client.MockWebServiceServerTestExecutionListener, org.springframework.test.context.web.ServletTestExecutionListener, org.springframework.test.context.support.DirtiesContextBeforeModesTestExecutionListener, org.springframework.test.context.support.DependencyInjectionTestExecutionListener, org.springframework.test.context.support.DirtiesContextTestExecutionListener, org.springframework.test.context.transaction.TransactionalTestExecutionListener, org.springframework.test.context.jdbc.SqlScriptsTestExecutionListener, org.springframework.test.context.event.EventPublishingTestExecutionListener]
16:33:08.477 [main] INFO org.springframework.boot.test.context.SpringBootTestContextBootstrapper - Using TestExecutionListeners: [org.springframework.test.context.web.ServletTestExecutionListener@2c4ca0f9, org.springframework.test.context.support.DirtiesContextBeforeModesTestExecutionListener@67ef029, org.springframework.boot.test.mock.mockito.MockitoTestExecutionListener@7df587ef, org.springframework.boot.test.autoconfigure.SpringBootDependencyInjectionTestExecutionListener@6e57e95e, org.springframework.test.context.support.DirtiesContextTestExecutionListener@2755d705, org.springframework.test.context.transaction.TransactionalTestExecutionListener@56db847e, org.springframework.test.context.jdbc.SqlScriptsTestExecutionListener@740abb5, org.springframework.test.context.event.EventPublishingTestExecutionListener@560cbf1a, org.springframework.boot.test.mock.mockito.ResetMocksTestExecutionListener@5fe8b721, org.springframework.boot.test.autoconfigure.restdocs.RestDocsTestExecutionListener@551a20d6, org.springframework.boot.test.autoconfigure.web.client.MockRestServiceServerResetTestExecutionListener@578524c3, org.springframework.boot.test.autoconfigure.web.servlet.MockMvcPrintOnlyOnFailureTestExecutionListener@64c2b546, org.springframework.boot.test.autoconfigure.web.servlet.WebDriverTestExecutionListener@7e094740, org.springframework.boot.test.autoconfigure.webservices.client.MockWebServiceServerTestExecutionListener@7a11c4c7]
16:33:08.477 [main] DEBUG org.springframework.test.annotation.ProfileValueUtils - Retrieved @ProfileValueSourceConfiguration [null] for test class [uk.co.danielbryant.djshopping.stockmanager.ShopfrontApplicationTests]
16:33:08.493 [main] DEBUG org.springframework.test.annotation.ProfileValueUtils - Retrieved ProfileValueSource type [class org.springframework.test.annotation.SystemProfileValueSource] for class [uk.co.danielbryant.djshopping.stockmanager.ShopfrontApplicationTests]
16:33:08.493 [main] DEBUG org.springframework.test.annotation.ProfileValueUtils - Retrieved @ProfileValueSourceConfiguration [null] for test class [uk.co.danielbryant.djshopping.stockmanager.ShopfrontApplicationTests]
16:33:08.493 [main] DEBUG org.springframework.test.annotation.ProfileValueUtils - Retrieved ProfileValueSource type [class org.springframework.test.annotation.SystemProfileValueSource] for class [uk.co.danielbryant.djshopping.stockmanager.ShopfrontApplicationTests]
16:33:08.493 [main] DEBUG org.springframework.test.annotation.ProfileValueUtils - Retrieved @ProfileValueSourceConfiguration [null] for test class [uk.co.danielbryant.djshopping.stockmanager.ShopfrontApplicationTests]
16:33:08.493 [main] DEBUG org.springframework.test.annotation.ProfileValueUtils - Retrieved ProfileValueSource type [class org.springframework.test.annotation.SystemProfileValueSource] for class [uk.co.danielbryant.djshopping.stockmanager.ShopfrontApplicationTests]
16:33:08.540 [main] DEBUG org.springframework.test.context.junit4.SpringJUnit4ClassRunner - SpringJUnit4ClassRunner constructor called with [class uk.co.danielbryant.djshopping.stockmanager.ShopfrontApplicationTests]
16:33:08.540 [main] DEBUG org.springframework.test.context.BootstrapUtils - Instantiating CacheAwareContextLoaderDelegate from class [org.springframework.test.context.cache.DefaultCacheAwareContextLoaderDelegate]
16:33:08.540 [main] DEBUG org.springframework.test.context.BootstrapUtils - Instantiating BootstrapContext using constructor [public org.springframework.test.context.support.DefaultBootstrapContext(java.lang.Class,org.springframework.test.context.CacheAwareContextLoaderDelegate)]
16:33:08.540 [main] DEBUG org.springframework.test.context.BootstrapUtils - Instantiating TestContextBootstrapper for test class [uk.co.danielbryant.djshopping.stockmanager.ShopfrontApplicationTests] from class [org.springframework.boot.test.context.SpringBootTestContextBootstrapper]
16:33:08.540 [main] INFO org.springframework.boot.test.context.SpringBootTestContextBootstrapper - Neither @ContextConfiguration nor @ContextHierarchy found for test class [uk.co.danielbryant.djshopping.stockmanager.ShopfrontApplicationTests], using SpringBootContextLoader
16:33:08.540 [main] DEBUG org.springframework.test.context.support.AbstractContextLoader - Did not detect default resource location for test class [uk.co.danielbryant.djshopping.stockmanager.ShopfrontApplicationTests]: class path resource [uk/co/danielbryant/djshopping/stockmanager/ShopfrontApplicationTests-context.xml] does not exist
16:33:08.540 [main] DEBUG org.springframework.test.context.support.AbstractContextLoader - Did not detect default resource location for test class [uk.co.danielbryant.djshopping.stockmanager.ShopfrontApplicationTests]: class path resource [uk/co/danielbryant/djshopping/stockmanager/ShopfrontApplicationTestsContext.groovy] does not exist
16:33:08.540 [main] INFO org.springframework.test.context.support.AbstractContextLoader - Could not detect default resource locations for test class [uk.co.danielbryant.djshopping.stockmanager.ShopfrontApplicationTests]: no resource found for suffixes {-context.xml, Context.groovy}.
16:33:08.556 [main] DEBUG org.springframework.test.context.support.ActiveProfilesUtils - Could not find an 'annotation declaring class' for annotation type [org.springframework.test.context.ActiveProfiles] and class [uk.co.danielbryant.djshopping.stockmanager.ShopfrontApplicationTests]
16:33:08.556 [main] DEBUG org.springframework.boot.test.context.SpringBootTestContextBootstrapper - @TestExecutionListeners is not present for class [uk.co.danielbryant.djshopping.stockmanager.ShopfrontApplicationTests]: using defaults.
16:33:08.556 [main] INFO org.springframework.boot.test.context.SpringBootTestContextBootstrapper - Loaded default TestExecutionListener class names from location [META-INF/spring.factories]: [org.springframework.boot.test.mock.mockito.MockitoTestExecutionListener, org.springframework.boot.test.mock.mockito.ResetMocksTestExecutionListener, org.springframework.boot.test.autoconfigure.restdocs.RestDocsTestExecutionListener, org.springframework.boot.test.autoconfigure.web.client.MockRestServiceServerResetTestExecutionListener, org.springframework.boot.test.autoconfigure.web.servlet.MockMvcPrintOnlyOnFailureTestExecutionListener, org.springframework.boot.test.autoconfigure.web.servlet.WebDriverTestExecutionListener, org.springframework.boot.test.autoconfigure.webservices.client.MockWebServiceServerTestExecutionListener, org.springframework.test.context.web.ServletTestExecutionListener, org.springframework.test.context.support.DirtiesContextBeforeModesTestExecutionListener, org.springframework.test.context.support.DependencyInjectionTestExecutionListener, org.springframework.test.context.support.DirtiesContextTestExecutionListener, org.springframework.test.context.transaction.TransactionalTestExecutionListener, org.springframework.test.context.jdbc.SqlScriptsTestExecutionListener, org.springframework.test.context.event.EventPublishingTestExecutionListener]
16:33:08.556 [main] INFO org.springframework.boot.test.context.SpringBootTestContextBootstrapper - Using TestExecutionListeners: [org.springframework.test.context.web.ServletTestExecutionListener@407cf41, org.springframework.test.context.support.DirtiesContextBeforeModesTestExecutionListener@6815c5f2, org.springframework.boot.test.mock.mockito.MockitoTestExecutionListener@46cc127b, org.springframework.boot.test.autoconfigure.SpringBootDependencyInjectionTestExecutionListener@60094a13, org.springframework.test.context.support.DirtiesContextTestExecutionListener@5aceec94, org.springframework.test.context.transaction.TransactionalTestExecutionListener@1c32886a, org.springframework.test.context.jdbc.SqlScriptsTestExecutionListener@3a4b0e5d, org.springframework.test.context.event.EventPublishingTestExecutionListener@10b892d5, org.springframework.boot.test.mock.mockito.ResetMocksTestExecutionListener@3d3f761a, org.springframework.boot.test.autoconfigure.restdocs.RestDocsTestExecutionListener@3546d80f, org.springframework.boot.test.autoconfigure.web.client.MockRestServiceServerResetTestExecutionListener@579d011c, org.springframework.boot.test.autoconfigure.web.servlet.MockMvcPrintOnlyOnFailureTestExecutionListener@3670f00, org.springframework.boot.test.autoconfigure.web.servlet.WebDriverTestExecutionListener@452e26d0, org.springframework.boot.test.autoconfigure.webservices.client.MockWebServiceServerTestExecutionListener@46ab18da]
16:33:08.556 [main] DEBUG org.springframework.test.annotation.ProfileValueUtils - Retrieved @ProfileValueSourceConfiguration [null] for test class [uk.co.danielbryant.djshopping.stockmanager.ShopfrontApplicationTests]
16:33:08.556 [main] DEBUG org.springframework.test.annotation.ProfileValueUtils - Retrieved ProfileValueSource type [class org.springframework.test.annotation.SystemProfileValueSource] for class [uk.co.danielbryant.djshopping.stockmanager.ShopfrontApplicationTests]
16:33:08.556 [main] DEBUG org.springframework.test.annotation.ProfileValueUtils - Retrieved @ProfileValueSourceConfiguration [null] for test class [uk.co.danielbryant.djshopping.stockmanager.ShopfrontApplicationTests]
16:33:08.556 [main] DEBUG org.springframework.test.annotation.ProfileValueUtils - Retrieved ProfileValueSource type [class org.springframework.test.annotation.SystemProfileValueSource] for class [uk.co.danielbryant.djshopping.stockmanager.ShopfrontApplicationTests]
16:33:08.556 [main] DEBUG org.springframework.test.annotation.ProfileValueUtils - Retrieved @ProfileValueSourceConfiguration [null] for test class [uk.co.danielbryant.djshopping.stockmanager.ShopfrontApplicationTests]
16:33:08.556 [main] DEBUG org.springframework.test.annotation.ProfileValueUtils - Retrieved ProfileValueSource type [class org.springframework.test.annotation.SystemProfileValueSource] for class [uk.co.danielbryant.djshopping.stockmanager.ShopfrontApplicationTests]
16:33:08.709 [main] DEBUG org.springframework.test.context.BootstrapUtils - Instantiating CacheAwareContextLoaderDelegate from class [org.springframework.test.context.cache.DefaultCacheAwareContextLoaderDelegate]
16:33:08.709 [main] DEBUG org.springframework.test.context.BootstrapUtils - Instantiating BootstrapContext using constructor [public org.springframework.test.context.support.DefaultBootstrapContext(java.lang.Class,org.springframework.test.context.CacheAwareContextLoaderDelegate)]
16:33:08.709 [main] DEBUG org.springframework.test.context.BootstrapUtils - Instantiating TestContextBootstrapper for test class [functional.RestStepDefs] from class [org.springframework.boot.test.context.SpringBootTestContextBootstrapper]
16:33:08.725 [main] DEBUG org.springframework.test.context.support.AbstractContextLoader - Did not detect default resource location for test class [functional.RestStepDefs]: class path resource [functional/RestStepDefs-context.xml] does not exist
16:33:08.725 [main] DEBUG org.springframework.test.context.support.AbstractContextLoader - Did not detect default resource location for test class [functional.RestStepDefs]: class path resource [functional/RestStepDefsContext.groovy] does not exist
16:33:08.725 [main] INFO org.springframework.test.context.support.AbstractContextLoader - Could not detect default resource locations for test class [functional.RestStepDefs]: no resource found for suffixes {-context.xml, Context.groovy}.
16:33:08.740 [main] DEBUG org.springframework.test.context.support.ActiveProfilesUtils - Could not find an 'annotation declaring class' for annotation type [org.springframework.test.context.ActiveProfiles] and class [functional.RestStepDefs]
16:33:08.740 [main] DEBUG org.springframework.boot.test.context.SpringBootTestContextBootstrapper - @TestExecutionListeners is not present for class [functional.RestStepDefs]: using defaults.
16:33:08.740 [main] INFO org.springframework.boot.test.context.SpringBootTestContextBootstrapper - Loaded default TestExecutionListener class names from location [META-INF/spring.factories]: [org.springframework.boot.test.mock.mockito.MockitoTestExecutionListener, org.springframework.boot.test.mock.mockito.ResetMocksTestExecutionListener, org.springframework.boot.test.autoconfigure.restdocs.RestDocsTestExecutionListener, org.springframework.boot.test.autoconfigure.web.client.MockRestServiceServerResetTestExecutionListener, org.springframework.boot.test.autoconfigure.web.servlet.MockMvcPrintOnlyOnFailureTestExecutionListener, org.springframework.boot.test.autoconfigure.web.servlet.WebDriverTestExecutionListener, org.springframework.boot.test.autoconfigure.webservices.client.MockWebServiceServerTestExecutionListener, org.springframework.test.context.web.ServletTestExecutionListener, org.springframework.test.context.support.DirtiesContextBeforeModesTestExecutionListener, org.springframework.test.context.support.DependencyInjectionTestExecutionListener, org.springframework.test.context.support.DirtiesContextTestExecutionListener, org.springframework.test.context.transaction.TransactionalTestExecutionListener, org.springframework.test.context.jdbc.SqlScriptsTestExecutionListener, org.springframework.test.context.event.EventPublishingTestExecutionListener]
16:33:08.740 [main] INFO org.springframework.boot.test.context.SpringBootTestContextBootstrapper - Using TestExecutionListeners: [org.springframework.test.context.web.ServletTestExecutionListener@e041f0c, org.springframework.test.context.support.DirtiesContextBeforeModesTestExecutionListener@6a175569, org.springframework.boot.test.mock.mockito.MockitoTestExecutionListener@11963225, org.springframework.boot.test.autoconfigure.SpringBootDependencyInjectionTestExecutionListener@3f3c966c, org.springframework.test.context.support.DirtiesContextTestExecutionListener@11ee02f8, org.springframework.test.context.transaction.TransactionalTestExecutionListener@4102b1b1, org.springframework.test.context.jdbc.SqlScriptsTestExecutionListener@61a5b4ae, org.springframework.test.context.event.EventPublishingTestExecutionListener@3a71c100, org.springframework.boot.test.mock.mockito.ResetMocksTestExecutionListener@5b69fd74, org.springframework.boot.test.autoconfigure.restdocs.RestDocsTestExecutionListener@f325091, org.springframework.boot.test.autoconfigure.web.client.MockRestServiceServerResetTestExecutionListener@437e951d, org.springframework.boot.test.autoconfigure.web.servlet.MockMvcPrintOnlyOnFailureTestExecutionListener@77b325b3, org.springframework.boot.test.autoconfigure.web.servlet.WebDriverTestExecutionListener@63a5e46c, org.springframework.boot.test.autoconfigure.webservices.client.MockWebServiceServerTestExecutionListener@7e8e8651]
16:33:08.794 [main] DEBUG org.springframework.test.context.support.TestPropertySourceUtils - Adding inlined properties to environment: {spring.jmx.enabled=false, org.springframework.boot.test.context.SpringBootTestContextBootstrapper=true, server.port=0}

  .   ____          _            __ _ _
 /\\ / ___'_ __ _ _(_)_ __  __ _ \ \ \ \
( ( )\___ | '_ | '_| | '_ \/ _` | \ \ \ \
 \\/  ___)| |_)| | | | | || (_| |  ) ) ) )
  '  |____| .__|_| |_|_| |_\__, | / / / /
 =========|_|==============|___/=/_/_/_/
 :: Spring Boot ::        (v2.3.7.RELEASE)

2023-08-28 16:33:09.218  INFO 22052 --- [           main] functional.RestStepDefs                  : Starting RestStepDefs on LIN51010822 with PID 22052 (started by pvinodch in C:\Users\pvinodch\Documents\dockerdeploy\stockmanager)
2023-08-28 16:33:09.234  INFO 22052 --- [           main] functional.RestStepDefs                  : No active profile set, falling back to default profiles: default
2023-08-28 16:33:10.617  INFO 22052 --- [           main] .s.d.r.c.RepositoryConfigurationDelegate : Bootstrapping Spring Data JPA repositories in DEFAULT mode.
2023-08-28 16:33:10.712  INFO 22052 --- [           main] .s.d.r.c.RepositoryConfigurationDelegate : Finished Spring Data repository scanning in 79ms. Found 1 JPA repository interfaces.
2023-08-28 16:33:11.968  INFO 22052 --- [           main] o.s.b.w.embedded.tomcat.TomcatWebServer  : Tomcat initialized with port(s): 0 (http)
2023-08-28 16:33:11.982  INFO 22052 --- [           main] o.apache.catalina.core.StandardService   : Starting service [Tomcat]
2023-08-28 16:33:11.982  INFO 22052 --- [           main] org.apache.catalina.core.StandardEngine  : Starting Servlet engine: [Apache Tomcat/9.0.41]
2023-08-28 16:33:12.183  INFO 22052 --- [           main] o.a.c.c.C.[Tomcat].[localhost].[/]       : Initializing Spring embedded WebApplicationContext
2023-08-28 16:33:12.183  INFO 22052 --- [           main] w.s.c.ServletWebServerApplicationContext : Root WebApplicationContext: initialization completed in 2905 ms
2023-08-28 16:33:13.116  INFO 22052 --- [           main] com.zaxxer.hikari.HikariDataSource       : HikariPool-1 - Starting...
2023-08-28 16:33:13.385  INFO 22052 --- [           main] com.zaxxer.hikari.HikariDataSource       : HikariPool-1 - Start completed.
2023-08-28 16:33:13.485  INFO 22052 --- [           main] o.hibernate.jpa.internal.util.LogHelper  : HHH000204: Processing PersistenceUnitInfo [name: default]
2023-08-28 16:33:13.579  INFO 22052 --- [           main] org.hibernate.Version                    : HHH000412: Hibernate ORM core version 5.4.25.Final
2023-08-28 16:33:13.817  INFO 22052 --- [           main] o.hibernate.annotations.common.Version   : HCANN000001: Hibernate Commons Annotations {5.1.2.Final}
2023-08-28 16:33:14.001  INFO 22052 --- [           main] org.hibernate.dialect.Dialect            : HHH000400: Using dialect: org.hibernate.dialect.H2Dialect
2023-08-28 16:33:14.787  INFO 22052 --- [           main] o.h.e.t.j.p.i.JtaPlatformInitiator       : HHH000490: Using JtaPlatform implementation: [org.hibernate.engine.transaction.jta.platform.internal.NoJtaPlatform]
2023-08-28 16:33:14.803  INFO 22052 --- [           main] j.LocalContainerEntityManagerFactoryBean : Initialized JPA EntityManagerFactory for persistence unit 'default'
2023-08-28 16:33:15.150  INFO 22052 --- [           main] u.c.d.d.s.config.DataGenerator           : Generating synthetic data for demonstration purposes...
2023-08-28 16:33:15.319  INFO 22052 --- [           main] u.c.d.d.s.config.DataGenerator           : ... data generation complete
2023-08-28 16:33:15.451  WARN 22052 --- [           main] JpaBaseConfiguration$JpaWebConfiguration : spring.jpa.open-in-view is enabled by default. Therefore, database queries may be performed during view rendering. Explicitly configure spring.jpa.open-in-view to disable this warning
2023-08-28 16:33:15.879  INFO 22052 --- [           main] o.s.s.concurrent.ThreadPoolTaskExecutor  : Initializing ExecutorService 'applicationTaskExecutor'
2023-08-28 16:33:16.665  INFO 22052 --- [           main] o.s.b.a.e.web.EndpointLinksResolver      : Exposing 2 endpoint(s) beneath base path '/actuator'
2023-08-28 16:33:16.890  INFO 22052 --- [           main] o.s.b.w.embedded.tomcat.TomcatWebServer  : Tomcat started on port(s): 49995 (http) with context path ''
2023-08-28 16:33:16.921  INFO 22052 --- [           main] functional.RestStepDefs                  : Started RestStepDefs in 8.12 seconds (JVM running for 10.421)
]]></system-out>
  </testcase>
  <testcase name="Given the application has been initialised with test data" classname="functional.FunctionalTests" time="0">
    <error message="Could not initialize class cucumber.deps.com.thoughtworks.xstream.converters.collections.TreeMapConverter" type="java.lang.NoClassDefFoundError">java.lang.NoClassDefFoundError: Could not initialize class cucumber.deps.com.thoughtworks.xstream.converters.collections.TreeMapConverter
Caused by: java.lang.ExceptionInInitializerError: Exception java.lang.reflect.InaccessibleObjectException: Unable to make field private final java.util.Comparator java.util.TreeMap.comparator accessible: module java.base does not "opens java.util" to unnamed module @587d1d39 [in thread "main"]
</error>
    <system-out><![CDATA[2023-08-28 16:33:17.291  INFO 22052 --- [           main] o.s.t.c.support.AbstractContextLoader    : Could not detect default resource locations for test class [functional.RestStepDefs]: no resource found for suffixes {-context.xml, Context.groovy}.
2023-08-28 16:33:17.306  INFO 22052 --- [           main] .b.t.c.SpringBootTestContextBootstrapper : Loaded default TestExecutionListener class names from location [META-INF/spring.factories]: [org.springframework.boot.test.mock.mockito.MockitoTestExecutionListener, org.springframework.boot.test.mock.mockito.ResetMocksTestExecutionListener, org.springframework.boot.test.autoconfigure.restdocs.RestDocsTestExecutionListener, org.springframework.boot.test.autoconfigure.web.client.MockRestServiceServerResetTestExecutionListener, org.springframework.boot.test.autoconfigure.web.servlet.MockMvcPrintOnlyOnFailureTestExecutionListener, org.springframework.boot.test.autoconfigure.web.servlet.WebDriverTestExecutionListener, org.springframework.boot.test.autoconfigure.webservices.client.MockWebServiceServerTestExecutionListener, org.springframework.test.context.web.ServletTestExecutionListener, org.springframework.test.context.support.DirtiesContextBeforeModesTestExecutionListener, org.springframework.test.context.support.DependencyInjectionTestExecutionListener, org.springframework.test.context.support.DirtiesContextTestExecutionListener, org.springframework.test.context.transaction.TransactionalTestExecutionListener, org.springframework.test.context.jdbc.SqlScriptsTestExecutionListener, org.springframework.test.context.event.EventPublishingTestExecutionListener]
2023-08-28 16:33:17.306  INFO 22052 --- [           main] .b.t.c.SpringBootTestContextBootstrapper : Using TestExecutionListeners: [org.springframework.test.context.web.ServletTestExecutionListener@7d5ddfac, org.springframework.test.context.support.DirtiesContextBeforeModesTestExecutionListener@72ea5674, org.springframework.boot.test.mock.mockito.MockitoTestExecutionListener@7ecd6861, org.springframework.boot.test.autoconfigure.SpringBootDependencyInjectionTestExecutionListener@6557dcea, org.springframework.test.context.support.DirtiesContextTestExecutionListener@76e4df53, org.springframework.test.context.transaction.TransactionalTestExecutionListener@569d6e0d, org.springframework.test.context.jdbc.SqlScriptsTestExecutionListener@43069adf, org.springframework.test.context.event.EventPublishingTestExecutionListener@18edbed9, org.springframework.boot.test.mock.mockito.ResetMocksTestExecutionListener@4823f4d0, org.springframework.boot.test.autoconfigure.restdocs.RestDocsTestExecutionListener@75f316df, org.springframework.boot.test.autoconfigure.web.client.MockRestServiceServerResetTestExecutionListener@2d4aadc, org.springframework.boot.test.autoconfigure.web.servlet.MockMvcPrintOnlyOnFailureTestExecutionListener@773ad729, org.springframework.boot.test.autoconfigure.web.servlet.WebDriverTestExecutionListener@20e8286a, org.springframework.boot.test.autoconfigure.webservices.client.MockWebServiceServerTestExecutionListener@4d408746]
]]></system-out>
  </testcase>
  <testcase name="Scenario: Should be able to get a list of all stocks" classname="functional.FunctionalTests" time="0.019">
    <error type="java.lang.ExceptionInInitializerError">java.lang.ExceptionInInitializerError
Caused by: java.lang.reflect.InaccessibleObjectException: Unable to make field private final java.util.Comparator java.util.TreeMap.comparator accessible: module java.base does not "opens java.util" to unnamed module @587d1d39
</error>
  </testcase>
  <testcase name="Scenario: Should be able to get a list of all stocks" classname="functional.FunctionalTests" time="0.019">
    <error type="java.lang.ExceptionInInitializerError">java.lang.ExceptionInInitializerError
Caused by: java.lang.reflect.InaccessibleObjectException: Unable to make field private final java.util.Comparator java.util.TreeMap.comparator accessible: module java.base does not "opens java.util" to unnamed module @587d1d39
</error>
  </testcase>
  <testcase name="When the client gets all stocks" classname="functional.FunctionalTests" time="0">
    <skipped message="&lt;unknown&gt;"/>
  </testcase>
  <testcase name="When the client gets all stocks" classname="functional.FunctionalTests" time="0">
    <skipped message="&lt;unknown&gt;"/>
  </testcase>
  <testcase name="Then a list of 5 stocks will be returned" classname="functional.FunctionalTests" time="0">
    <skipped message="&lt;unknown&gt;"/>
  </testcase>
  <testcase name="Scenario: Should be able to get the correct SKU for the first stock" classname="functional.FunctionalTests" time="0">
    <error message="Could not initialize class cucumber.deps.com.thoughtworks.xstream.converters.collections.TreeMapConverter" type="java.lang.NoClassDefFoundError">java.lang.NoClassDefFoundError: Could not initialize class cucumber.deps.com.thoughtworks.xstream.converters.collections.TreeMapConverter
Caused by: java.lang.ExceptionInInitializerError: Exception java.lang.reflect.InaccessibleObjectException: Unable to make field private final java.util.Comparator java.util.TreeMap.comparator accessible: module java.base does not "opens java.util" to unnamed module @587d1d39 [in thread "main"]
</error>
  </testcase>
  <testcase name="Scenario: Should be able to get the correct SKU for the first stock" classname="functional.FunctionalTests" time="0.016">
    <error message="Could not initialize class cucumber.deps.com.thoughtworks.xstream.converters.collections.TreeMapConverter" type="java.lang.NoClassDefFoundError">java.lang.NoClassDefFoundError: Could not initialize class cucumber.deps.com.thoughtworks.xstream.converters.collections.TreeMapConverter
Caused by: java.lang.ExceptionInInitializerError: Exception java.lang.reflect.InaccessibleObjectException: Unable to make field private final java.util.Comparator java.util.TreeMap.comparator accessible: module java.base does not "opens java.util" to unnamed module @587d1d39 [in thread "main"]
</error>
  </testcase>
  <testcase name="Then the stock at index 0 will have the sku 12345678" classname="functional.FunctionalTests" time="0">
    <skipped message="&lt;unknown&gt;"/>
  </testcase>
</testsuite>